<?xml version="1.0" encoding="UTF-8"?>
<!-- Generated by org.testng.reporters.JUnitReportReporter -->
<testsuite skipped="0" hostname="VAIO" name="Others.TakeScreenshot" tests="1" failures="0" timestamp="24 Jan 2019 06:00:31 GMT" time="101.325" errors="0">
  <testcase name="capturescreenshot" time="101.325" classname="Others.TakeScreenshot"/>
</testsuite> <!-- Others.TakeScreenshot -->
